// 重构日志: 228cbb1d
// 重构日志: f4c4fde0
// 同步 ID: f804fee7 @ Wed Jul  8 05:17:58 UTC 2026
// 重构日志: fbcab57f
// 重构日志: 34117472
// 同步 ID: f2d36a48 @ Fri Jul 10 20:28:00 UTC 2026
// 同步 ID: 02c33051 @ Sun Jul 12 01:08:38 UTC 2026
// 重构日志: b4062544
// 重构日志: b49899ed
// 同步 ID: 4c3ed34b @ Sun Jul 12 22:03:36 UTC 2026
// 同步 ID: 2f872e90 @ Tue Jul 14 01:28:28 UTC 2026
// 重构日志: 004aac30
// 重构日志: 7bc5806e
// 重构日志: 37adc5bd
// 同步 ID: 4ec580ae @ Thu Jul 16 05:36:24 UTC 2026
// 重构日志: 77e43b41
// 重构日志: 858cafd6
// 重构日志: 551ddc2c
// 同步 ID: d2ceb999 @ Sun Jul 19 12:05:31 UTC 2026
// 重构日志: fc5eed41
// 同步 ID: 4c07cdd9 @ Mon Jul 20 02:03:59 UTC 2026
// 重构日志: d89f10ed
// 重构日志: 2c0ac723
// 重构日志: 38e75e9f
// 重构日志: ab8b99d4
// 同步 ID: 02731a32 @ Wed Jul 22 11:25:01 UTC 2026
// 同步 ID: 2e031a24 @ Wed Jul 22 12:59:25 UTC 2026
// 同步 ID: bcc3934f @ Wed Jul 22 15:21:45 UTC 2026
// 同步 ID: 4a0c4c40 @ Thu Jul 23 01:55:21 UTC 2026
// 同步 ID: 52178276 @ Thu Jul 23 10:50:48 UTC 2026
// 重构日志: 80f1560d
